<?xml version="1.0" encoding="UTF-8"?>
<testng-results ignored="0" total="1" passed="1" failed="0" skipped="0">
  <reporter-output>
  </reporter-output>
  <suite started-at="2022-09-01T01:02:15 IST" name="Suite" finished-at="2022-09-01T01:02:15 IST" duration-ms="127">
    <groups>
    </groups>
    <test started-at="2022-09-01T01:02:15 IST" name="Test" finished-at="2022-09-01T01:02:15 IST" duration-ms="127">
      <class name="trialtestNGforMAVEN">
        <test-method is-config="true" signature="beforeSuite()[pri:0, instance:trialtestNGforMAVEN@7db12bb6]" started-at="2022-09-01T01:02:14 IST" name="beforeSuite" finished-at="2022-09-01T01:02:15 IST" duration-ms="30" status="PASS">
          <reporter-output>
          </reporter-output>
        </test-method> <!-- beforeSuite -->
        <test-method is-config="true" signature="beforeTest()[pri:0, instance:trialtestNGforMAVEN@7db12bb6]" started-at="2022-09-01T01:02:15 IST" name="beforeTest" finished-at="2022-09-01T01:02:15 IST" duration-ms="1" status="PASS">
          <reporter-output>
          </reporter-output>
        </test-method> <!-- beforeTest -->
        <test-method is-config="true" signature="beforeClass()[pri:0, instance:trialtestNGforMAVEN@7db12bb6]" started-at="2022-09-01T01:02:15 IST" name="beforeClass" finished-at="2022-09-01T01:02:15 IST" duration-ms="0" status="PASS">
          <reporter-output>
          </reporter-output>
        </test-method> <!-- beforeClass -->
        <test-method is-config="true" signature="beforeMethod()[pri:0, instance:trialtestNGforMAVEN@7db12bb6]" started-at="2022-09-01T01:02:15 IST" name="beforeMethod" finished-at="2022-09-01T01:02:15 IST" duration-ms="0" status="PASS">
          <reporter-output>
          </reporter-output>
        </test-method> <!-- beforeMethod -->
        <test-method signature="f()[pri:0, instance:trialtestNGforMAVEN@7db12bb6]" started-at="2022-09-01T01:02:15 IST" name="f" finished-at="2022-09-01T01:02:15 IST" duration-ms="16" status="PASS">
          <reporter-output>
          </reporter-output>
        </test-method> <!-- f -->
        <test-method is-config="true" signature="afterMethod()[pri:0, instance:trialtestNGforMAVEN@7db12bb6]" started-at="2022-09-01T01:02:15 IST" name="afterMethod" finished-at="2022-09-01T01:02:15 IST" duration-ms="1" status="PASS">
          <reporter-output>
          </reporter-output>
        </test-method> <!-- afterMethod -->
        <test-method is-config="true" signature="afterClass()[pri:0, instance:trialtestNGforMAVEN@7db12bb6]" started-at="2022-09-01T01:02:15 IST" name="afterClass" finished-at="2022-09-01T01:02:15 IST" duration-ms="1" status="PASS">
          <reporter-output>
          </reporter-output>
        </test-method> <!-- afterClass -->
        <test-method is-config="true" signature="afterTest()[pri:0, instance:trialtestNGforMAVEN@7db12bb6]" started-at="2022-09-01T01:02:15 IST" name="afterTest" finished-at="2022-09-01T01:02:15 IST" duration-ms="0" status="PASS">
          <reporter-output>
          </reporter-output>
        </test-method> <!-- afterTest -->
        <test-method is-config="true" signature="afterSuite()[pri:0, instance:trialtestNGforMAVEN@7db12bb6]" started-at="2022-09-01T01:02:15 IST" name="afterSuite" finished-at="2022-09-01T01:02:15 IST" duration-ms="0" status="PASS">
          <reporter-output>
          </reporter-output>
        </test-method> <!-- afterSuite -->
      </class> <!-- trialtestNGforMAVEN -->
    </test> <!-- Test -->
  </suite> <!-- Suite -->
</testng-results>
